<?xml version="1.0" encoding="UTF-8"?>
<!-- Generated by org.testng.reporters.JUnitReportReporter -->
<testsuite skipped="0" hostname="Durva" name="cucumberOptions.TestRunner" tests="1" failures="0" timestamp="2021-08-04T09:51:59 BST" time="84.095" errors="0">
  <testcase name="runScenario" time="84.095" classname="cucumberOptions.TestRunner"/>
  <system-out/>
</testsuite> <!-- cucumberOptions.TestRunner -->
